
> frontend@0.1.17 dev
> vite


  VITE v7.2.7  ready in 1115 ms

  ➜  Local:   http://localhost:5173/
  ➜  Network: use --host to expose
7:34:34 AM [vite] http proxy error: /api/videofront.mp4
AggregateError [ECONNREFUSED]:
    at internalConnectMultiple (node:net:1134:18)
    at afterConnectMultiple (node:net:1715:7)
7:34:34 AM [vite] http proxy error: /api/videolp.mp4
AggregateError [ECONNREFUSED]:
    at internalConnectMultiple (node:net:1134:18)
    at afterConnectMultiple (node:net:1715:7)
7:34:34 AM [vite] http proxy error: /api/videoback.mp4
AggregateError [ECONNREFUSED]:
    at internalConnectMultiple (node:net:1134:18)
    at afterConnectMultiple (node:net:1715:7)
7:34:34 AM [vite] http proxy error: /api/videolr.mp4
AggregateError [ECONNREFUSED]:
    at internalConnectMultiple (node:net:1134:18)
    at afterConnectMultiple (node:net:1715:7)
7:34:34 AM [vite] http proxy error: /api/videorr.mp4
AggregateError [ECONNREFUSED]:
    at internalConnectMultiple (node:net:1134:18)
    at afterConnectMultiple (node:net:1715:7)
7:34:34 AM [vite] http proxy error: /api/videorp.mp4
AggregateError [ECONNREFUSED]:
    at internalConnectMultiple (node:net:1134:18)
    at afterConnectMultiple (node:net:1715:7)
7:35:42 AM [vite] http proxy error: /api/videofront.mp4
AggregateError [ECONNREFUSED]:
    at internalConnectMultiple (node:net:1134:18)
    at afterConnectMultiple (node:net:1715:7)
7:35:42 AM [vite] http proxy error: /api/videolp.mp4
AggregateError [ECONNREFUSED]:
    at internalConnectMultiple (node:net:1134:18)
    at afterConnectMultiple (node:net:1715:7)
7:35:42 AM [vite] http proxy error: /api/videoback.mp4
AggregateError [ECONNREFUSED]:
    at internalConnectMultiple (node:net:1134:18)
    at afterConnectMultiple (node:net:1715:7)
7:35:42 AM [vite] http proxy error: /api/videorp.mp4
AggregateError [ECONNREFUSED]:
    at internalConnectMultiple (node:net:1134:18)
    at afterConnectMultiple (node:net:1715:7)
7:35:42 AM [vite] http proxy error: /api/videorr.mp4
AggregateError [ECONNREFUSED]:
    at internalConnectMultiple (node:net:1134:18)
    at afterConnectMultiple (node:net:1715:7)
7:35:42 AM [vite] http proxy error: /api/videolr.mp4
AggregateError [ECONNREFUSED]:
    at internalConnectMultiple (node:net:1134:18)
    at afterConnectMultiple (node:net:1715:7)
7:37:01 AM [vite] (client) hmr update /src/components/Player.tsx, /src/index.css
7:37:08 AM [vite] http proxy error: /api/videofront.mp4
AggregateError [ECONNREFUSED]:
    at internalConnectMultiple (node:net:1134:18)
    at afterConnectMultiple (node:net:1715:7)
7:37:08 AM [vite] http proxy error: /api/videolp.mp4
AggregateError [ECONNREFUSED]:
    at internalConnectMultiple (node:net:1134:18)
    at afterConnectMultiple (node:net:1715:7)
7:37:08 AM [vite] http proxy error: /api/videoback.mp4
AggregateError [ECONNREFUSED]:
    at internalConnectMultiple (node:net:1134:18)
    at afterConnectMultiple (node:net:1715:7)
7:37:08 AM [vite] http proxy error: /api/videorp.mp4
AggregateError [ECONNREFUSED]:
    at internalConnectMultiple (node:net:1134:18)
    at afterConnectMultiple (node:net:1715:7)
7:37:08 AM [vite] http proxy error: /api/videolr.mp4
AggregateError [ECONNREFUSED]:
    at internalConnectMultiple (node:net:1134:18)
    at afterConnectMultiple (node:net:1715:7)
7:37:08 AM [vite] http proxy error: /api/videorr.mp4
AggregateError [ECONNREFUSED]:
    at internalConnectMultiple (node:net:1134:18)
    at afterConnectMultiple (node:net:1715:7)
7:37:09 AM [vite] http proxy error: /api/videolp.mp4
AggregateError [ECONNREFUSED]:
    at internalConnectMultiple (node:net:1134:18)
    at afterConnectMultiple (node:net:1715:7)
7:37:09 AM [vite] http proxy error: /api/videofront.mp4
AggregateError [ECONNREFUSED]:
    at internalConnectMultiple (node:net:1134:18)
    at afterConnectMultiple (node:net:1715:7)
7:37:29 AM [vite] http proxy error: /api/videofront.mp4
AggregateError [ECONNREFUSED]:
    at internalConnectMultiple (node:net:1134:18)
    at afterConnectMultiple (node:net:1715:7)
7:37:29 AM [vite] http proxy error: /api/videolp.mp4
AggregateError [ECONNREFUSED]:
    at internalConnectMultiple (node:net:1134:18)
    at afterConnectMultiple (node:net:1715:7)
7:37:29 AM [vite] http proxy error: /api/videoback.mp4
AggregateError [ECONNREFUSED]:
    at internalConnectMultiple (node:net:1134:18)
    at afterConnectMultiple (node:net:1715:7)
7:37:29 AM [vite] http proxy error: /api/videorp.mp4
AggregateError [ECONNREFUSED]:
    at internalConnectMultiple (node:net:1134:18)
    at afterConnectMultiple (node:net:1715:7)
7:37:29 AM [vite] http proxy error: /api/videolr.mp4
AggregateError [ECONNREFUSED]:
    at internalConnectMultiple (node:net:1134:18)
    at afterConnectMultiple (node:net:1715:7)
7:37:29 AM [vite] http proxy error: /api/videorr.mp4
AggregateError [ECONNREFUSED]:
    at internalConnectMultiple (node:net:1134:18)
    at afterConnectMultiple (node:net:1715:7)
7:37:30 AM [vite] http proxy error: /api/videolp.mp4
AggregateError [ECONNREFUSED]:
    at internalConnectMultiple (node:net:1134:18)
    at afterConnectMultiple (node:net:1715:7)
7:37:30 AM [vite] http proxy error: /api/videofront.mp4
AggregateError [ECONNREFUSED]:
    at internalConnectMultiple (node:net:1134:18)
    at afterConnectMultiple (node:net:1715:7)
7:38:07 AM [vite] http proxy error: /api/videofront.mp4
AggregateError [ECONNREFUSED]:
    at internalConnectMultiple (node:net:1134:18)
    at afterConnectMultiple (node:net:1715:7)
7:38:07 AM [vite] http proxy error: /api/videolp.mp4
AggregateError [ECONNREFUSED]:
    at internalConnectMultiple (node:net:1134:18)
    at afterConnectMultiple (node:net:1715:7)
7:38:07 AM [vite] http proxy error: /api/videoback.mp4
AggregateError [ECONNREFUSED]:
    at internalConnectMultiple (node:net:1134:18)
    at afterConnectMultiple (node:net:1715:7)
7:38:07 AM [vite] http proxy error: /api/videorp.mp4
AggregateError [ECONNREFUSED]:
    at internalConnectMultiple (node:net:1134:18)
    at afterConnectMultiple (node:net:1715:7)
7:38:07 AM [vite] http proxy error: /api/videolr.mp4
AggregateError [ECONNREFUSED]:
    at internalConnectMultiple (node:net:1134:18)
    at afterConnectMultiple (node:net:1715:7)
7:38:07 AM [vite] http proxy error: /api/videorr.mp4
AggregateError [ECONNREFUSED]:
    at internalConnectMultiple (node:net:1134:18)
    at afterConnectMultiple (node:net:1715:7)
7:38:08 AM [vite] http proxy error: /api/videolp.mp4
AggregateError [ECONNREFUSED]:
    at internalConnectMultiple (node:net:1134:18)
    at afterConnectMultiple (node:net:1715:7)
7:38:08 AM [vite] http proxy error: /api/videofront.mp4
AggregateError [ECONNREFUSED]:
    at internalConnectMultiple (node:net:1134:18)
    at afterConnectMultiple (node:net:1715:7)
